wear/build/intermediates/manifest_merge_blame_file/release/processReleaseMainManifest/manifest-merger-blame-release-report.txt
1<?xml version="1.0" encoding="utf-8"?>
2<manifest xmlns:android="http://schemas.android.com/apk/res/android"
3    package="com.example.dhikrtasbih.wear"
4    android:versionCode="1"
5    android:versionName="1.0" >
6
7    <uses-sdk
8        android:minSdkVersion="30"
9        android:targetSdkVersion="36" />
10
11    <uses-feature android:name="android.hardware.type.watch" />
11-->src/main/AndroidManifest.xml:5:5-64
11-->src/main/AndroidManifest.xml:5:19-61
12
13    <uses-permission android:name="android.permission.VIBRATE" />
13-->src/main/AndroidManifest.xml:6:5-66
13-->src/main/AndroidManifest.xml:6:22-63
14
15    <permission
15-->[androidx.core:core:1.13.1] AndroidManifest.xml:22:5-24:47
16        android:name="com.example.dhikrtasbih.wear.DYNAMIC_RECEIVER_NOT_EXPORTED_PERMISSION"
16-->[androidx.core:core:1.13.1] AndroidManifest.xml:23:9-81
17        android:protectionLevel="signature" />
17-->[androidx.core:core:1.13.1] AndroidManifest.xml:24:9-44
18
19    <uses-permission android:name="com.example.dhikrtasbih.wear.DYNAMIC_RECEIVER_NOT_EXPORTED_PERMISSION" />
19-->[androidx.core:core:1.13.1] AndroidManifest.xml:26:5-97
19-->[androidx.core:core:1.13.1] AndroidManifest.xml:26:22-94
20
21    <queries>
21-->[androidx.wear.tiles:tiles:1.0.0] AndroidManifest.xml:9:5-13:15
22        <intent>
22-->[androidx.wear.tiles:tiles:1.0.0] AndroidManifest.xml:10:9-12:18
23            <action android:name="androidx.wear.tiles.action.BIND_UPDATE_REQUESTER" />
23-->[androidx.wear.tiles:tiles:1.0.0] AndroidManifest.xml:11:13-87
23-->[androidx.wear.tiles:tiles:1.0.0] AndroidManifest.xml:11:21-84
24        </intent>
25    </queries>
26
27    <application
27-->src/main/AndroidManifest.xml:8:5-40:19
28        android:allowBackup="true"
28-->src/main/AndroidManifest.xml:9:9-35
29        android:appComponentFactory="androidx.core.app.CoreComponentFactory"
29-->[androidx.core:core:1.13.1] AndroidManifest.xml:28:18-86
30        android:extractNativeLibs="false"
31        android:icon="@drawable/ic_tasbih"
31-->src/main/AndroidManifest.xml:10:9-43
32        android:label="DhikrTasbih"
32-->src/main/AndroidManifest.xml:11:9-36
33        android:supportsRtl="true"
33-->src/main/AndroidManifest.xml:12:9-35
34        android:theme="@android:style/Theme.DeviceDefault" >
34-->src/main/AndroidManifest.xml:13:9-59
35
36        <!-- Uses the same standalone feature flag to ensure it's detected as a Wear app -->
37        <meta-data
37-->src/main/AndroidManifest.xml:16:9-18:36
38            android:name="com.google.android.wearable.standalone"
38-->src/main/AndroidManifest.xml:17:13-66
39            android:value="true" />
39-->src/main/AndroidManifest.xml:18:13-33
40
41        <activity
41-->src/main/AndroidManifest.xml:20:9-29:20
42            android:name="com.example.dhikrtasbih.wear.MainActivity"
42-->src/main/AndroidManifest.xml:21:13-41
43            android:exported="true"
43-->src/main/AndroidManifest.xml:22:13-36
44            android:taskAffinity=""
44-->src/main/AndroidManifest.xml:23:13-36
45            android:theme="@android:style/Theme.DeviceDefault" >
45-->src/main/AndroidManifest.xml:24:13-63
46            <intent-filter>
46-->src/main/AndroidManifest.xml:25:13-28:29
47                <action android:name="android.intent.action.MAIN" />
47-->src/main/AndroidManifest.xml:26:17-69
47-->src/main/AndroidManifest.xml:26:25-66
48
49                <category android:name="android.intent.category.LAUNCHER" />
49-->src/main/AndroidManifest.xml:27:17-77
49-->src/main/AndroidManifest.xml:27:27-74
50            </intent-filter>
51        </activity>
52
53        <service
53-->src/main/AndroidManifest.xml:31:9-38:19
54            android:name="com.example.dhikrtasbih.wear.TasbihTileService"
54-->src/main/AndroidManifest.xml:32:13-46
55            android:exported="true"
55-->src/main/AndroidManifest.xml:33:13-36
56            android:permission="com.google.android.wearable.permission.BIND_TILE_PROVIDER" >
56-->src/main/AndroidManifest.xml:34:13-91
57            <intent-filter>
57-->src/main/AndroidManifest.xml:35:13-37:29
58                <action android:name="androidx.wear.tiles.action.BIND_TILE_PROVIDER" />
58-->src/main/AndroidManifest.xml:36:17-88
58-->src/main/AndroidManifest.xml:36:25-85
59            </intent-filter>
60        </service>
61
62        <uses-library
62-->[androidx.wear:wear:1.3.0] AndroidManifest.xml:23:9-25:40
63            android:name="com.google.android.wearable"
63-->[androidx.wear:wear:1.3.0] AndroidManifest.xml:24:13-55
64            android:required="false" />
64-->[androidx.wear:wear:1.3.0] AndroidManifest.xml:25:13-37
65
66        <activity
66-->[androidx.compose.ui:ui-tooling-android:1.7.0] AndroidManifest.xml:23:9-25:39
67            android:name="androidx.compose.ui.tooling.PreviewActivity"
67-->[androidx.compose.ui:ui-tooling-android:1.7.0] AndroidManifest.xml:24:13-71
68            android:exported="true" />
68-->[androidx.compose.ui:ui-tooling-android:1.7.0] AndroidManifest.xml:25:13-36
69
70        <provider
70-->[androidx.emoji2:emoji2:1.3.0] AndroidManifest.xml:24:9-32:20
71            android:name="androidx.startup.InitializationProvider"
71-->[androidx.emoji2:emoji2:1.3.0] AndroidManifest.xml:25:13-67
72            android:authorities="com.example.dhikrtasbih.wear.androidx-startup"
72-->[androidx.emoji2:emoji2:1.3.0] AndroidManifest.xml:26:13-68
73            android:exported="false" >
73-->[androidx.emoji2:emoji2:1.3.0] AndroidManifest.xml:27:13-37
74            <meta-data
74-->[androidx.emoji2:emoji2:1.3.0] AndroidManifest.xml:29:13-31:52
75                android:name="androidx.emoji2.text.EmojiCompatInitializer"
75-->[androidx.emoji2:emoji2:1.3.0] AndroidManifest.xml:30:17-75
76                android:value="androidx.startup" />
76-->[androidx.emoji2:emoji2:1.3.0] AndroidManifest.xml:31:17-49
77            <meta-data
77-->[androidx.lifecycle:lifecycle-process:2.8.3] AndroidManifest.xml:29:13-31:52
78                android:name="androidx.lifecycle.ProcessLifecycleInitializer"
78-->[androidx.lifecycle:lifecycle-process:2.8.3] AndroidManifest.xml:30:17-78
79                android:value="androidx.startup" />
79-->[androidx.lifecycle:lifecycle-process:2.8.3] AndroidManifest.xml:31:17-49
80            <meta-data
80-->[androidx.profileinstaller:profileinstaller:1.3.1] AndroidManifest.xml:29:13-31:52
81                android:name="androidx.profileinstaller.ProfileInstallerInitializer"
81-->[androidx.profileinstaller:profileinstaller:1.3.1] AndroidManifest.xml:30:17-85
82                android:value="androidx.startup" />
82-->[androidx.profileinstaller:profileinstaller:1.3.1] AndroidManifest.xml:31:17-49
83        </provider>
84
85        <receiver
85-->[androidx.profileinstaller:profileinstaller:1.3.1] AndroidManifest.xml:34:9-52:20
86            android:name="androidx.profileinstaller.ProfileInstallReceiver"
86-->[androidx.profileinstaller:profileinstaller:1.3.1] AndroidManifest.xml:35:13-76
87            android:directBootAware="false"
87-->[androidx.profileinstaller:profileinstaller:1.3.1] AndroidManifest.xml:36:13-44
88            android:enabled="true"
88-->[androidx.profileinstaller:profileinstaller:1.3.1] AndroidManifest.xml:37:13-35
89            android:exported="true"
89-->[androidx.profileinstaller:profileinstaller:1.3.1] AndroidManifest.xml:38:13-36
90            android:permission="android.permission.DUMP" >
90-->[androidx.profileinstaller:profileinstaller:1.3.1] AndroidManifest.xml:39:13-57
91            <intent-filter>
91-->[androidx.profileinstaller:profileinstaller:1.3.1] AndroidManifest.xml:40:13-42:29
92                <action android:name="androidx.profileinstaller.action.INSTALL_PROFILE" />
92-->[androidx.profileinstaller:profileinstaller:1.3.1] AndroidManifest.xml:41:17-91
92-->[androidx.profileinstaller:profileinstaller:1.3.1] AndroidManifest.xml:41:25-88
93            </intent-filter>
94            <intent-filter>
94-->[androidx.profileinstaller:profileinstaller:1.3.1] AndroidManifest.xml:43:13-45:29
95                <action android:name="androidx.profileinstaller.action.SKIP_FILE" />
95-->[androidx.profileinstaller:profileinstaller:1.3.1] AndroidManifest.xml:44:17-85
95-->[androidx.profileinstaller:profileinstaller:1.3.1] AndroidManifest.xml:44:25-82
96            </intent-filter>
97            <intent-filter>
97-->[androidx.profileinstaller:profileinstaller:1.3.1] AndroidManifest.xml:46:13-48:29
98                <action android:name="androidx.profileinstaller.action.SAVE_PROFILE" />
98-->[androidx.profileinstaller:profileinstaller:1.3.1] AndroidManifest.xml:47:17-88
98-->[androidx.profileinstaller:profileinstaller:1.3.1] AndroidManifest.xml:47:25-85
99            </intent-filter>
100            <intent-filter>
100-->[androidx.profileinstaller:profileinstaller:1.3.1] AndroidManifest.xml:49:13-51:29
101                <action android:name="androidx.profileinstaller.action.BENCHMARK_OPERATION" />
101-->[androidx.profileinstaller:profileinstaller:1.3.1] AndroidManifest.xml:50:17-95
101-->[androidx.profileinstaller:profileinstaller:1.3.1] AndroidManifest.xml:50:25-92
102            </intent-filter>
103        </receiver>
104    </application>
105
106</manifest>